cc;2021/05/04;6211656344359248;2021/12/04;800.0;350.0;Invalid: amount > max, lhun invalid
cc;2021/05/15;6759093801340253;2021/04/09;1000.0;45.0;Invalid: outdated
cc;2021/06/04;6011656344359248;2021/12/04;500.0;850.0;Invalid: amount > max amount
cc;2021/06/09;ES6524155245212844135465;N;50.0;Invalid: Wrong card number, IBAN invalid
cc;2021/06/15;30525903548770;2021/12/03;1000.0;80.0;Invalid: Wrong card number, lhun invalid
cc;2021/07/09;ES6215454234192342342334;N;1001.0;Invalid: greater than max for the type of client
